
Showing logs for build [32mcb-kubecd-environment-pr-211-1-wwd94-1[0m stage [32mfrom-build-pack[0m and container [32mstep-credential-initializer-p8tqw[0m
{"level":"info","ts":1588127932.8538709,"logger":"fallback-logger","caller":"logging/config.go:69","msg":"Fetch GitHub commit ID from kodata failed: open /var/run/ko/refs/heads/0.8.0-ns-support: no such file or directory"}
{"level":"info","ts":1588127932.854735,"logger":"fallback-logger","caller":"creds-init/main.go:40","msg":"Credentials initialized."}

Showing logs for build [32mcb-kubecd-environment-pr-211-1-wwd94-1[0m stage [32mfrom-build-pack[0m and container [32mstep-working-dir-initializer-f4jch[0m
{"level":"info","ts":1588127933.4434292,"logger":"fallback-logger","caller":"logging/config.go:69","msg":"Fetch GitHub commit ID from kodata failed: open /var/run/ko/HEAD: no such file or directory"}
{"level":"info","ts":1588127933.4455314,"logger":"fallback-logger","caller":"bash/main.go:64","msg":"Successfully executed command \"sh -c mkdir -p /workspace/source\"; output "}

Showing logs for build [32mcb-kubecd-environment-pr-211-1-wwd94-1[0m stage [32mfrom-build-pack[0m and container [32mstep-place-tools[0m

Showing logs for build [32mcb-kubecd-environment-pr-211-1-wwd94-1[0m stage [32mfrom-build-pack[0m and container [32mstep-git-source-cb-kubecd-environment-pr-211-1-wwd94-k5rp2[0m
{"level":"info","ts":1588127938.60812,"logger":"fallback-logger","caller":"logging/config.go:69","msg":"Fetch GitHub commit ID from kodata failed: open /var/run/ko/refs/heads/0.8.0-ns-support: no such file or directory"}
{"level":"info","ts":1588127939.6592312,"logger":"fallback-logger","caller":"git/git.go:103","msg":"Successfully cloned https://github.com/cb-kubecd/environment-pr-211-1-boot-gke-production.git @ master in path /workspace/source"}

Showing logs for build [32mcb-kubecd-environment-pr-211-1-wwd94-1[0m stage [32mfrom-build-pack[0m and container [32mstep-git-merge[0m
Using SHAs from PULL_REFS=master:100fc36076347bb668a0ce75e808c808a1153828,1:dc1dc06d0de7291c0a8c14ddb0869d158dba89a9
DEBUG: LC_ALL=C JX_LOG_LEVEL=error git fetch origin --unshallow dc1dc06d0de7291c0a8c14ddb0869d158dba89a9: 100fc36076347bb668a0ce75e808c808a1153828:
DEBUG: ran git fetch --unshallow origin dc1dc06d0de7291c0a8c14ddb0869d158dba89a9: 100fc36076347bb668a0ce75e808c808a1153828: in 
DEBUG: LC_ALL=C JX_LOG_LEVEL=error git branch
DEBUG: LC_ALL=C JX_LOG_LEVEL=error git checkout master
DEBUG: ran git checkout master in 
DEBUG: LC_ALL=C JX_LOG_LEVEL=error git reset --hard 100fc36076347bb668a0ce75e808c808a1153828
DEBUG: ran git reset --hard 100fc36076347bb668a0ce75e808c808a1153828 in 
DEBUG: LC_ALL=C JX_LOG_LEVEL=error git clean -fd .
DEBUG: ran clean --force -d . in 
DEBUG: LC_ALL=C JX_LOG_LEVEL=error git merge dc1dc06d0de7291c0a8c14ddb0869d158dba89a9
DEBUG: ran git merge dc1dc06d0de7291c0a8c14ddb0869d158dba89a9 in 
DEBUG: LC_ALL=C JX_LOG_LEVEL=error git log --format=%H%x1f%an%x1f%ae%x1f%cn%x1f%ce%x1f%s%n%b%x1e 100fc36076347bb668a0ce75e808c808a1153828..HEAD
Merged SHA dc1dc06d0de7291c0a8c14ddb0869d158dba89a9 with commit message 'chore: Promote bdd-spring-1588127001 to version 0.0.1' into base branch master

Showing logs for build [32mcb-kubecd-environment-pr-211-1-wwd94-1[0m stage [32mfrom-build-pack[0m and container [32mstep-build-helm-build[0m
WARNING: No $CHART_REPOSITORY defined so using the default value of: http://jenkins-x-chartmuseum:8080
Adding missing Helm repo: storage.googleapis.com https://storage.googleapis.com/chartmuseum.jenkins-x.io
WARNING: No secrets found on "helm/repos" due: reading the secret "helm/repos" from vault: no secret "helm/repos" not found in vault
Read credentials for https://storage.googleapis.com/chartmuseum.jenkins-x.io from vault helm/repos
Successfully added Helm repository storage.googleapis.com.
Adding missing Helm repo: jenkins-x-chartmuseum http://jenkins-x-chartmuseum:8080
WARNING: No secrets found on "helm/repos" due: reading the secret "helm/repos" from vault: no secret "helm/repos" not found in vault
Read credentials for http://jenkins-x-chartmuseum:8080 from vault helm/repos
Successfully added Helm repository jenkins-x-chartmuseum.
WARNING: No $CHART_REPOSITORY defined so using the default value of: http://jenkins-x-chartmuseum:8080
Adding missing Helm repo: chartmuseum.jenkins-x.io http://chartmuseum.jenkins-x.io
WARNING: No secrets found on "helm/repos" due: reading the secret "helm/repos" from vault: no secret "helm/repos" not found in vault
Read credentials for http://chartmuseum.jenkins-x.io from vault helm/repos
Successfully added Helm repository chartmuseum.jenkins-x.io.
